#-----------------------------------------------------------
# Vivado v2025.2 (64-bit)
# SW Build 6299465 on Fri Nov 14 12:34:56 MST 2025
# IP Build 6300035 on Fri Nov 14 10:48:45 MST 2025
# SharedData Build 6298862 on Thu Nov 13 04:50:51 MST 2025
# Start of session at: Fri Mar  6 13:29:30 2026
# Process ID         : 30163
# Current directory  : /home/smita/cva6_min_version/sim
# Command line       : vivado -mode batch -source create_vivado_project.tcl
# Log file           : /home/smita/cva6_min_version/sim/vivado.log
# Journal file       : /home/smita/cva6_min_version/sim/vivado.jou
# Running On         : smita-HP-250-G8-Notebook-PC
# Platform           : Ubuntu
# Operating System   : Ubuntu 24.04.4 LTS
# Processor Detail   : 11th Gen Intel(R) Core(TM) i5-1135G7 @ 2.40GHz
# CPU Frequency      : 3108.992 MHz
# CPU Physical cores : 4
# CPU Logical cores  : 8
# Host memory        : 16495 MB
# Swap memory        : 4294 MB
# Total Virtual      : 20790 MB
# Available Virtual  : 13310 MB
#-----------------------------------------------------------
source create_vivado_project.tcl
couldn't read file "create_vivado_project.tcl": no such file or directory
INFO: [Common 17-206] Exiting Vivado at Fri Mar  6 13:29:32 2026...
