
*** Running vivado
    with args -log cva6_minimal_top.vds -m64 -product Vivado -mode batch -messageDb vivado.pb -notrace -source cva6_minimal_top.tcl


****** Vivado v2025.2 (64-bit)
  **** SW Build 6299465 on Fri Nov 14 12:34:56 MST 2025
  **** IP Build 6300035 on Fri Nov 14 10:48:45 MST 2025
  **** SharedData Build 6298862 on Thu Nov 13 04:50:51 MST 2025
  **** Start of session at: Fri Mar  6 13:31:14 2026
    ** Copyright 1986-2022 Xilinx, Inc. All Rights Reserved.
    ** Copyright 2022-2025 Advanced Micro Devices, Inc. All Rights Reserved.

source cva6_minimal_top.tcl -notrace
Command: synth_design -top cva6_minimal_top -part xc7z020clg400-1
Starting synth_design
Attempting to get a license for feature 'Synthesis' and/or device 'xc7z020'
INFO: [Common 17-349] Got license for feature 'Synthesis' and/or device 'xc7z020'
INFO: [Device 21-403] Loading part xc7z020clg400-1
INFO: [Synth 8-7079] Multithreading enabled for synth_design using a maximum of 7 processes.
INFO: [Synth 8-7078] Launching helper process for spawning children vivado processes
INFO: [Synth 8-7075] Helper process launched with PID 31015
---------------------------------------------------------------------------------
Starting RTL Elaboration : Time (s): cpu = 00:00:04 ; elapsed = 00:00:04 . Memory (MB): peak = 2227.598 ; gain = 483.188 ; free physical = 403 ; free virtual = 10462
---------------------------------------------------------------------------------
INFO: [Synth 8-6157] synthesizing module 'cva6_minimal_top' [/home/smita/cva6_min_version/src/cva6_minimal_top.v:17]
INFO: [Synth 8-6157] synthesizing module 'cva6_boot_rom' [/home/smita/cva6_min_version/src/cva6_boot_rom.v:15]
INFO: [Synth 8-6155] done synthesizing module 'cva6_boot_rom' (0#1) [/home/smita/cva6_min_version/src/cva6_boot_rom.v:15]
INFO: [Synth 8-6157] synthesizing module 'cva6_data_ram' [/home/smita/cva6_min_version/src/cva6_data_ram.v:12]
INFO: [Synth 8-6155] done synthesizing module 'cva6_data_ram' (0#1) [/home/smita/cva6_min_version/src/cva6_data_ram.v:12]
INFO: [Synth 8-6157] synthesizing module 'simple_uart_tx' [/home/smita/cva6_min_version/simple_uart_tx.v:19]
	Parameter CLOCK_FREQ bound to: 125000000 - type: integer 
	Parameter BAUD_RATE bound to: 115200 - type: integer 
	Parameter FIFO_DEPTH bound to: 16 - type: integer 
INFO: [Synth 8-6155] done synthesizing module 'simple_uart_tx' (0#1) [/home/smita/cva6_min_version/simple_uart_tx.v:19]
INFO: [Synth 8-6157] synthesizing module 'simple_riscv_core' [/home/smita/cva6_min_version/src/cva6_min_core.v:40]
INFO: [Synth 8-6155] done synthesizing module 'simple_riscv_core' (0#1) [/home/smita/cva6_min_version/src/cva6_min_core.v:40]
INFO: [Synth 8-6155] done synthesizing module 'cva6_minimal_top' (0#1) [/home/smita/cva6_min_version/src/cva6_minimal_top.v:17]
WARNING: [Synth 8-6014] Unused sequential element branch_taken_reg was removed.  [/home/smita/cva6_min_version/src/cva6_min_core.v:147]
WARNING: [Synth 8-6014] Unused sequential element next_pc_reg was removed.  [/home/smita/cva6_min_version/src/cva6_min_core.v:148]
WARNING: [Synth 8-6014] Unused sequential element alu_result_reg was removed.  [/home/smita/cva6_min_version/src/cva6_min_core.v:152]
WARNING: [Synth 8-7129] Port data_rdata[31] in module simple_riscv_core is either unconnected or has no load
WARNING: [Synth 8-7129] Port data_rdata[30] in module simple_riscv_core is either unconnected or has no load
WARNING: [Synth 8-7129] Port data_rdata[29] in module simple_riscv_core is either unconnected or has no load
WARNING: [Synth 8-7129] Port data_rdata[28] in module simple_riscv_core is either unconnected or has no load
WARNING: [Synth 8-7129] Port data_rdata[27] in module simple_riscv_core is either unconnected or has no load
WARNING: [Synth 8-7129] Port data_rdata[26] in module simple_riscv_core is either unconnected or has no load
WARNING: [Synth 8-7129] Port data_rdata[25] in module simple_riscv_core is either unconnected or has no load
WARNING: [Synth 8-7129] Port data_rdata[24] in module simple_riscv_core is either unconnected or has no load
WARNING: [Synth 8-7129] Port data_rdata[23] in module simple_riscv_core is either unconnected or has no load
WARNING: [Synth 8-7129] Port data_rdata[22] in module simple_riscv_core is either unconnected or has no load
WARNING: [Synth 8-7129] Port data_rdata[21] in module simple_riscv_core is either unconnected or has no load
WARNING: [Synth 8-7129] Port data_rdata[20] in module simple_riscv_core is either unconnected or has no load
WARNING: [Synth 8-7129] Port data_rdata[19] in module simple_riscv_core is either unconnected or has no load
WARNING: [Synth 8-7129] Port data_rdata[18] in module simple_riscv_core is either unconnected or has no load
WARNING: [Synth 8-7129] Port data_rdata[17] in module simple_riscv_core is either unconnected or has no load
WARNING: [Synth 8-7129] Port data_rdata[16] in module simple_riscv_core is either unconnected or has no load
WARNING: [Synth 8-7129] Port data_rdata[15] in module simple_riscv_core is either unconnected or has no load
WARNING: [Synth 8-7129] Port data_rdata[14] in module simple_riscv_core is either unconnected or has no load
WARNING: [Synth 8-7129] Port data_rdata[13] in module simple_riscv_core is either unconnected or has no load
WARNING: [Synth 8-7129] Port data_rdata[12] in module simple_riscv_core is either unconnected or has no load
WARNING: [Synth 8-7129] Port data_rdata[11] in module simple_riscv_core is either unconnected or has no load
WARNING: [Synth 8-7129] Port data_rdata[10] in module simple_riscv_core is either unconnected or has no load
WARNING: [Synth 8-7129] Port data_rdata[9] in module simple_riscv_core is either unconnected or has no load
WARNING: [Synth 8-7129] Port data_rdata[8] in module simple_riscv_core is either unconnected or has no load
WARNING: [Synth 8-7129] Port data_rdata[7] in module simple_riscv_core is either unconnected or has no load
WARNING: [Synth 8-7129] Port data_rdata[6] in module simple_riscv_core is either unconnected or has no load
WARNING: [Synth 8-7129] Port data_rdata[5] in module simple_riscv_core is either unconnected or has no load
WARNING: [Synth 8-7129] Port data_rdata[4] in module simple_riscv_core is either unconnected or has no load
WARNING: [Synth 8-7129] Port data_rdata[3] in module simple_riscv_core is either unconnected or has no load
WARNING: [Synth 8-7129] Port data_rdata[2] in module simple_riscv_core is either unconnected or has no load
WARNING: [Synth 8-7129] Port data_rdata[1] in module simple_riscv_core is either unconnected or has no load
WARNING: [Synth 8-7129] Port data_rdata[0] in module simple_riscv_core is either unconnected or has no load
WARNING: [Synth 8-7129] Port wdata[31] in module simple_uart_tx is either unconnected or has no load
WARNING: [Synth 8-7129] Port wdata[30] in module simple_uart_tx is either unconnected or has no load
WARNING: [Synth 8-7129] Port wdata[29] in module simple_uart_tx is either unconnected or has no load
WARNING: [Synth 8-7129] Port wdata[28] in module simple_uart_tx is either unconnected or has no load
WARNING: [Synth 8-7129] Port wdata[27] in module simple_uart_tx is either unconnected or has no load
WARNING: [Synth 8-7129] Port wdata[26] in module simple_uart_tx is either unconnected or has no load
WARNING: [Synth 8-7129] Port wdata[25] in module simple_uart_tx is either unconnected or has no load
WARNING: [Synth 8-7129] Port wdata[24] in module simple_uart_tx is either unconnected or has no load
WARNING: [Synth 8-7129] Port wdata[23] in module simple_uart_tx is either unconnected or has no load
WARNING: [Synth 8-7129] Port wdata[22] in module simple_uart_tx is either unconnected or has no load
WARNING: [Synth 8-7129] Port wdata[21] in module simple_uart_tx is either unconnected or has no load
WARNING: [Synth 8-7129] Port wdata[20] in module simple_uart_tx is either unconnected or has no load
WARNING: [Synth 8-7129] Port wdata[19] in module simple_uart_tx is either unconnected or has no load
WARNING: [Synth 8-7129] Port wdata[18] in module simple_uart_tx is either unconnected or has no load
WARNING: [Synth 8-7129] Port wdata[17] in module simple_uart_tx is either unconnected or has no load
WARNING: [Synth 8-7129] Port wdata[16] in module simple_uart_tx is either unconnected or has no load
WARNING: [Synth 8-7129] Port wdata[15] in module simple_uart_tx is either unconnected or has no load
WARNING: [Synth 8-7129] Port wdata[14] in module simple_uart_tx is either unconnected or has no load
WARNING: [Synth 8-7129] Port wdata[13] in module simple_uart_tx is either unconnected or has no load
WARNING: [Synth 8-7129] Port wdata[12] in module simple_uart_tx is either unconnected or has no load
WARNING: [Synth 8-7129] Port wdata[11] in module simple_uart_tx is either unconnected or has no load
WARNING: [Synth 8-7129] Port wdata[10] in module simple_uart_tx is either unconnected or has no load
WARNING: [Synth 8-7129] Port wdata[9] in module simple_uart_tx is either unconnected or has no load
WARNING: [Synth 8-7129] Port wdata[8] in module simple_uart_tx is either unconnected or has no load
WARNING: [Synth 8-7129] Port addr[11] in module cva6_data_ram is either unconnected or has no load
WARNING: [Synth 8-7129] Port addr[10] in module cva6_data_ram is either unconnected or has no load
---------------------------------------------------------------------------------
Finished RTL Elaboration : Time (s): cpu = 00:00:05 ; elapsed = 00:00:05 . Memory (MB): peak = 2324.566 ; gain = 580.156 ; free physical = 296 ; free virtual = 10356
---------------------------------------------------------------------------------
---------------------------------------------------------------------------------
Start Handling Custom Attributes
---------------------------------------------------------------------------------
---------------------------------------------------------------------------------
Finished Handling Custom Attributes : Time (s): cpu = 00:00:05 ; elapsed = 00:00:05 . Memory (MB): peak = 2330.504 ; gain = 586.094 ; free physical = 296 ; free virtual = 10356
---------------------------------------------------------------------------------
---------------------------------------------------------------------------------
Finished RTL Optimization Phase 1 : Time (s): cpu = 00:00:05 ; elapsed = 00:00:05 . Memory (MB): peak = 2330.504 ; gain = 586.094 ; free physical = 296 ; free virtual = 10356
---------------------------------------------------------------------------------
Netlist sorting complete. Time (s): cpu = 00:00:00.01 ; elapsed = 00:00:00.01 . Memory (MB): peak = 2330.504 ; gain = 0.000 ; free physical = 296 ; free virtual = 10356
INFO: [Project 1-570] Preparing netlist for logic optimization

Processing XDC Constraints
Initializing timing engine
Parsing XDC File [/home/smita/cva6_min_version/constraints/cva6_constraints.xdc]
CRITICAL WARNING: [Netlist 29-177] Cannot set property 'BITSTREAM.CONFIG.CONFIGRATE' because the property does not exist. [/home/smita/cva6_min_version/constraints/cva6_constraints.xdc:62]
Resolution: Create this property using create_property command before setting it.
CRITICAL WARNING: [Netlist 29-177] Cannot set property 'BITSTREAM.CONFIG.SPI_BUSWIDTH' because the property does not exist. [/home/smita/cva6_min_version/constraints/cva6_constraints.xdc:63]
Resolution: Create this property using create_property command before setting it.
WARNING: [Vivado 12-584] No ports matched 'phy_to_dram_*'. [/home/smita/cva6_min_version/constraints/cva6_constraints.xdc:72]
CRITICAL WARNING: [Common 17-55] 'set_property' expects at least one object. [/home/smita/cva6_min_version/constraints/cva6_constraints.xdc:72]
Resolution: If [get_<value>] was used to populate the object, check to make sure this command returns at least one valid object.
WARNING: [Vivado 12-584] No ports matched 'phy_to_dram_*'. [/home/smita/cva6_min_version/constraints/cva6_constraints.xdc:75]
CRITICAL WARNING: [Vivado 12-4739] set_false_path:No valid object(s) found for '-to [get_ports phy_to_dram_*]'. [/home/smita/cva6_min_version/constraints/cva6_constraints.xdc:75]
Resolution: Check if the specified object(s) exists in the current design. If it does, ensure that the correct design hierarchy was specified for the object. If you are working with clocks, make sure create_clock was used to create the clock object before it is referenced.
CRITICAL WARNING: [Designutils 20-1307] Command 'set_max_fanout' is not supported in the xdc constraint file. [/home/smita/cva6_min_version/constraints/cva6_constraints.xdc:87]
Finished Parsing XDC File [/home/smita/cva6_min_version/constraints/cva6_constraints.xdc]
INFO: [Project 1-236] Implementation specific constraints were found while reading constraint file [/home/smita/cva6_min_version/constraints/cva6_constraints.xdc]. These constraints will be ignored for synthesis but will be used in implementation. Impacted constraints are listed in the file [.Xil/cva6_minimal_top_propImpl.xdc].
Resolution: To avoid this warning, move constraints listed in [.Xil/cva6_minimal_top_propImpl.xdc] to another XDC file and exclude this new file from synthesis with the used_in_synthesis property (File Properties dialog in GUI) and re-run elaboration/synthesis.
Completed Processing XDC Constraints

Netlist sorting complete. Time (s): cpu = 00:00:00 ; elapsed = 00:00:00 . Memory (MB): peak = 2447.969 ; gain = 0.000 ; free physical = 281 ; free virtual = 10341
INFO: [Project 1-111] Unisim Transformation Summary:
No Unisim elements were transformed.

Constraint Validation Runtime : Time (s): cpu = 00:00:00.01 ; elapsed = 00:00:00.01 . Memory (MB): peak = 2448.004 ; gain = 0.000 ; free physical = 280 ; free virtual = 10341
---------------------------------------------------------------------------------
Finished Constraint Validation : Time (s): cpu = 00:00:11 ; elapsed = 00:00:11 . Memory (MB): peak = 2448.004 ; gain = 703.594 ; free physical = 286 ; free virtual = 10346
---------------------------------------------------------------------------------
---------------------------------------------------------------------------------
Start Loading Part and Timing Information
---------------------------------------------------------------------------------
Loading part: xc7z020clg400-1
---------------------------------------------------------------------------------
Finished Loading Part and Timing Information : Time (s): cpu = 00:00:11 ; elapsed = 00:00:11 . Memory (MB): peak = 2455.973 ; gain = 711.562 ; free physical = 286 ; free virtual = 10346
---------------------------------------------------------------------------------
---------------------------------------------------------------------------------
Start Applying 'set_property' XDC Constraints
---------------------------------------------------------------------------------
---------------------------------------------------------------------------------
Finished applying 'set_property' XDC Constraints : Time (s): cpu = 00:00:11 ; elapsed = 00:00:11 . Memory (MB): peak = 2455.973 ; gain = 711.562 ; free physical = 286 ; free virtual = 10346
---------------------------------------------------------------------------------
INFO: [Synth 8-802] inferred FSM for state register 'tx_state_reg' in module 'simple_uart_tx'
INFO: [Synth 8-802] inferred FSM for state register 'state_reg' in module 'simple_riscv_core'
---------------------------------------------------------------------------------------------------
                   State |                     New Encoding |                Previous Encoding 
---------------------------------------------------------------------------------------------------
                  iSTATE |                               00 |                               00
                 iSTATE0 |                               01 |                               01
                 iSTATE1 |                               10 |                               10
                 iSTATE2 |                               11 |                               11
---------------------------------------------------------------------------------------------------
INFO: [Synth 8-3354] encoded FSM with state register 'tx_state_reg' using encoding 'sequential' in module 'simple_uart_tx'
---------------------------------------------------------------------------------------------------
                   State |                     New Encoding |                Previous Encoding 
---------------------------------------------------------------------------------------------------
                   FETCH |                               00 |                              000
                  DECODE |                               01 |                              001
                 EXECUTE |                               10 |                              010
                  MEMORY |                               11 |                              011
---------------------------------------------------------------------------------------------------
INFO: [Synth 8-3354] encoded FSM with state register 'state_reg' using encoding 'sequential' in module 'simple_riscv_core'
---------------------------------------------------------------------------------
Finished RTL Optimization Phase 2 : Time (s): cpu = 00:00:12 ; elapsed = 00:00:12 . Memory (MB): peak = 2455.973 ; gain = 711.562 ; free physical = 279 ; free virtual = 10341
---------------------------------------------------------------------------------
---------------------------------------------------------------------------------
Start RTL Component Statistics 
---------------------------------------------------------------------------------
Detailed RTL Component Info : 
+---Adders : 
	   2 Input   32 Bit       Adders := 5     
	   2 Input   11 Bit       Adders := 1     
	   2 Input    5 Bit       Adders := 3     
	   2 Input    3 Bit       Adders := 1     
+---Registers : 
	               32 Bit    Registers := 38    
	               16 Bit    Registers := 1     
	                8 Bit    Registers := 1     
	                5 Bit    Registers := 2     
	                4 Bit    Registers := 1     
	                3 Bit    Registers := 1     
	                2 Bit    Registers := 1     
	                1 Bit    Registers := 4     
+---RAMs : 
	              32K Bit	(1024 X 32 bit)          RAMs := 1     
	              128 Bit	(16 X 8 bit)          RAMs := 1     
+---Muxes : 
	 257 Input   32 Bit        Muxes := 1     
	   4 Input   32 Bit        Muxes := 3     
	   2 Input   32 Bit        Muxes := 17    
	   4 Input   16 Bit        Muxes := 1     
	   2 Input    8 Bit        Muxes := 1     
	   2 Input    3 Bit        Muxes := 1     
	   4 Input    3 Bit        Muxes := 1     
	   5 Input    2 Bit        Muxes := 1     
	   2 Input    2 Bit        Muxes := 4     
	   4 Input    2 Bit        Muxes := 2     
	   4 Input    1 Bit        Muxes := 41    
	   2 Input    1 Bit        Muxes := 95    
---------------------------------------------------------------------------------
Finished RTL Component Statistics 
---------------------------------------------------------------------------------
---------------------------------------------------------------------------------
Start Part Resource Summary
---------------------------------------------------------------------------------
Part Resources:
DSPs: 220 (col length:60)
BRAMs: 280 (col length: RAMB18 60 RAMB36 30)
---------------------------------------------------------------------------------
Finished Part Resource Summary
---------------------------------------------------------------------------------
---------------------------------------------------------------------------------
Start Cross Boundary and Area Optimization
---------------------------------------------------------------------------------
WARNING: [Synth 8-7129] Port data_rdata[31] in module simple_riscv_core is either unconnected or has no load
WARNING: [Synth 8-7129] Port data_rdata[30] in module simple_riscv_core is either unconnected or has no load
WARNING: [Synth 8-7129] Port data_rdata[29] in module simple_riscv_core is either unconnected or has no load
WARNING: [Synth 8-7129] Port data_rdata[28] in module simple_riscv_core is either unconnected or has no load
WARNING: [Synth 8-7129] Port data_rdata[27] in module simple_riscv_core is either unconnected or has no load
WARNING: [Synth 8-7129] Port data_rdata[26] in module simple_riscv_core is either unconnected or has no load
WARNING: [Synth 8-7129] Port data_rdata[25] in module simple_riscv_core is either unconnected or has no load
WARNING: [Synth 8-7129] Port data_rdata[24] in module simple_riscv_core is either unconnected or has no load
WARNING: [Synth 8-7129] Port data_rdata[23] in module simple_riscv_core is either unconnected or has no load
WARNING: [Synth 8-7129] Port data_rdata[22] in module simple_riscv_core is either unconnected or has no load
WARNING: [Synth 8-7129] Port data_rdata[21] in module simple_riscv_core is either unconnected or has no load
WARNING: [Synth 8-7129] Port data_rdata[20] in module simple_riscv_core is either unconnected or has no load
WARNING: [Synth 8-7129] Port data_rdata[19] in module simple_riscv_core is either unconnected or has no load
WARNING: [Synth 8-7129] Port data_rdata[18] in module simple_riscv_core is either unconnected or has no load
WARNING: [Synth 8-7129] Port data_rdata[17] in module simple_riscv_core is either unconnected or has no load
WARNING: [Synth 8-7129] Port data_rdata[16] in module simple_riscv_core is either unconnected or has no load
WARNING: [Synth 8-7129] Port data_rdata[15] in module simple_riscv_core is either unconnected or has no load
WARNING: [Synth 8-7129] Port data_rdata[14] in module simple_riscv_core is either unconnected or has no load
WARNING: [Synth 8-7129] Port data_rdata[13] in module simple_riscv_core is either unconnected or has no load
WARNING: [Synth 8-7129] Port data_rdata[12] in module simple_riscv_core is either unconnected or has no load
WARNING: [Synth 8-7129] Port data_rdata[11] in module simple_riscv_core is either unconnected or has no load
WARNING: [Synth 8-7129] Port data_rdata[10] in module simple_riscv_core is either unconnected or has no load
WARNING: [Synth 8-7129] Port data_rdata[9] in module simple_riscv_core is either unconnected or has no load
WARNING: [Synth 8-7129] Port data_rdata[8] in module simple_riscv_core is either unconnected or has no load
WARNING: [Synth 8-7129] Port data_rdata[7] in module simple_riscv_core is either unconnected or has no load
WARNING: [Synth 8-7129] Port data_rdata[6] in module simple_riscv_core is either unconnected or has no load
WARNING: [Synth 8-7129] Port data_rdata[5] in module simple_riscv_core is either unconnected or has no load
WARNING: [Synth 8-7129] Port data_rdata[4] in module simple_riscv_core is either unconnected or has no load
WARNING: [Synth 8-7129] Port data_rdata[3] in module simple_riscv_core is either unconnected or has no load
WARNING: [Synth 8-7129] Port data_rdata[2] in module simple_riscv_core is either unconnected or has no load
WARNING: [Synth 8-7129] Port data_rdata[1] in module simple_riscv_core is either unconnected or has no load
WARNING: [Synth 8-7129] Port data_rdata[0] in module simple_riscv_core is either unconnected or has no load
---------------------------------------------------------------------------------
Finished Cross Boundary and Area Optimization : Time (s): cpu = 00:00:21 ; elapsed = 00:00:21 . Memory (MB): peak = 2455.973 ; gain = 711.562 ; free physical = 277 ; free virtual = 10345
---------------------------------------------------------------------------------
---------------------------------------------------------------------------------
Start ROM, RAM, DSP, Shift Register and Retiming Reporting
---------------------------------------------------------------------------------

Distributed RAM: Preliminary Mapping Report (see note below)
+-----------------+------------------------+-----------+----------------------+-------------+
|Module Name      | RTL Object             | Inference | Size (Depth x Width) | Primitives  | 
+-----------------+------------------------+-----------+----------------------+-------------+
|cva6_minimal_top | u_uart_tx/fifo_mem_reg | Implied   | 16 x 8               | RAM32M x 2  | 
+-----------------+------------------------+-----------+----------------------+-------------+

Note: The table above is a preliminary report that shows the Distributed RAMs at the current stage of the synthesis flow. Some Distributed RAMs may be reimplemented as non Distributed RAM primitives later in the synthesis flow. Multiple instantiated RAMs are reported only once.
---------------------------------------------------------------------------------
Finished ROM, RAM, DSP, Shift Register and Retiming Reporting
---------------------------------------------------------------------------------
---------------------------------------------------------------------------------
Start Applying XDC Timing Constraints
---------------------------------------------------------------------------------
---------------------------------------------------------------------------------
Finished Applying XDC Timing Constraints : Time (s): cpu = 00:00:25 ; elapsed = 00:00:25 . Memory (MB): peak = 2522.973 ; gain = 778.562 ; free physical = 194 ; free virtual = 10262
---------------------------------------------------------------------------------
---------------------------------------------------------------------------------
Start Timing Optimization
---------------------------------------------------------------------------------
---------------------------------------------------------------------------------
Finished Timing Optimization : Time (s): cpu = 00:00:27 ; elapsed = 00:00:28 . Memory (MB): peak = 2592.176 ; gain = 847.766 ; free physical = 206 ; free virtual = 10198
---------------------------------------------------------------------------------
---------------------------------------------------------------------------------
Start ROM, RAM, DSP, Shift Register and Retiming Reporting
---------------------------------------------------------------------------------

Distributed RAM: Final Mapping Report
+-----------------+------------------------+-----------+----------------------+-------------+
|Module Name      | RTL Object             | Inference | Size (Depth x Width) | Primitives  | 
+-----------------+------------------------+-----------+----------------------+-------------+
|cva6_minimal_top | u_uart_tx/fifo_mem_reg | Implied   | 16 x 8               | RAM32M x 2  | 
+-----------------+------------------------+-----------+----------------------+-------------+

---------------------------------------------------------------------------------
Finished ROM, RAM, DSP, Shift Register and Retiming Reporting
---------------------------------------------------------------------------------
---------------------------------------------------------------------------------
Start Technology Mapping
---------------------------------------------------------------------------------
---------------------------------------------------------------------------------
Finished Technology Mapping : Time (s): cpu = 00:00:28 ; elapsed = 00:00:28 . Memory (MB): peak = 2592.176 ; gain = 847.766 ; free physical = 206 ; free virtual = 10197
---------------------------------------------------------------------------------
---------------------------------------------------------------------------------
Start IO Insertion
---------------------------------------------------------------------------------
---------------------------------------------------------------------------------
Start Flattening Before IO Insertion
---------------------------------------------------------------------------------
---------------------------------------------------------------------------------
Finished Flattening Before IO Insertion
---------------------------------------------------------------------------------
---------------------------------------------------------------------------------
Start Final Netlist Cleanup
---------------------------------------------------------------------------------
---------------------------------------------------------------------------------
Finished Final Netlist Cleanup
---------------------------------------------------------------------------------
---------------------------------------------------------------------------------
Finished IO Insertion : Time (s): cpu = 00:00:31 ; elapsed = 00:00:32 . Memory (MB): peak = 2735.988 ; gain = 991.578 ; free physical = 187 ; free virtual = 10093
---------------------------------------------------------------------------------
---------------------------------------------------------------------------------
Start Renaming Generated Instances
---------------------------------------------------------------------------------
---------------------------------------------------------------------------------
Finished Renaming Generated Instances : Time (s): cpu = 00:00:31 ; elapsed = 00:00:32 . Memory (MB): peak = 2735.988 ; gain = 991.578 ; free physical = 187 ; free virtual = 10093
---------------------------------------------------------------------------------
---------------------------------------------------------------------------------
Start Rebuilding User Hierarchy
---------------------------------------------------------------------------------
---------------------------------------------------------------------------------
Finished Rebuilding User Hierarchy : Time (s): cpu = 00:00:31 ; elapsed = 00:00:32 . Memory (MB): peak = 2735.988 ; gain = 991.578 ; free physical = 187 ; free virtual = 10093
---------------------------------------------------------------------------------
---------------------------------------------------------------------------------
Start Renaming Generated Ports
---------------------------------------------------------------------------------
---------------------------------------------------------------------------------
Finished Renaming Generated Ports : Time (s): cpu = 00:00:31 ; elapsed = 00:00:32 . Memory (MB): peak = 2735.988 ; gain = 991.578 ; free physical = 187 ; free virtual = 10093
---------------------------------------------------------------------------------
---------------------------------------------------------------------------------
Start Handling Custom Attributes
---------------------------------------------------------------------------------
---------------------------------------------------------------------------------
Finished Handling Custom Attributes : Time (s): cpu = 00:00:31 ; elapsed = 00:00:32 . Memory (MB): peak = 2735.988 ; gain = 991.578 ; free physical = 187 ; free virtual = 10093
---------------------------------------------------------------------------------
---------------------------------------------------------------------------------
Start Renaming Generated Nets
---------------------------------------------------------------------------------
---------------------------------------------------------------------------------
Finished Renaming Generated Nets : Time (s): cpu = 00:00:31 ; elapsed = 00:00:32 . Memory (MB): peak = 2735.988 ; gain = 991.578 ; free physical = 187 ; free virtual = 10093
---------------------------------------------------------------------------------
---------------------------------------------------------------------------------
Start ROM, RAM, DSP, Shift Register and Retiming Reporting
---------------------------------------------------------------------------------

Static Shift Register Report:
+-----------------+-------------------+--------+-------+--------------+--------------------+-------------------+--------+---------+
|Module Name      | RTL Name          | Length | Width | Reset Signal | Pull out first Reg | Pull out last Reg | SRL16E | SRLC32E | 
+-----------------+-------------------+--------+-------+--------------+--------------------+-------------------+--------+---------+
|cva6_minimal_top | reset_sync_reg[3] | 4      | 1     | NO           | YES                | YES               | 1      | 0       | 
+-----------------+-------------------+--------+-------+--------------+--------------------+-------------------+--------+---------+

---------------------------------------------------------------------------------
Finished ROM, RAM, DSP, Shift Register and Retiming Reporting
---------------------------------------------------------------------------------
---------------------------------------------------------------------------------
Start Writing Synthesis Report
---------------------------------------------------------------------------------

Report BlackBoxes: 
+-+--------------+----------+
| |BlackBox name |Instances |
+-+--------------+----------+
+-+--------------+----------+

Report Cell Usage: 
+------+---------+------+
|      |Cell     |Count |
+------+---------+------+
|1     |BUFG     |     1|
|2     |CARRY4   |    43|
|3     |LUT1     |    10|
|4     |LUT2     |   133|
|5     |LUT3     |    36|
|6     |LUT4     |    64|
|7     |LUT5     |   174|
|8     |LUT6     |   635|
|9     |MUXF7    |   257|
|10    |MUXF8    |     2|
|11    |RAM32M   |     1|
|12    |RAM32X1D |     2|
|13    |SRL16E   |     1|
|14    |FDRE     |  1142|
|15    |FDSE     |     1|
|16    |IBUF     |     2|
|17    |OBUF     |     5|
+------+---------+------+
---------------------------------------------------------------------------------
Finished Writing Synthesis Report : Time (s): cpu = 00:00:31 ; elapsed = 00:00:32 . Memory (MB): peak = 2735.988 ; gain = 991.578 ; free physical = 187 ; free virtual = 10093
---------------------------------------------------------------------------------
Synthesis finished with 0 errors, 0 critical warnings and 32 warnings.
Synthesis Optimization Runtime : Time (s): cpu = 00:00:30 ; elapsed = 00:00:30 . Memory (MB): peak = 2735.988 ; gain = 874.078 ; free physical = 187 ; free virtual = 10093
Synthesis Optimization Complete : Time (s): cpu = 00:00:31 ; elapsed = 00:00:32 . Memory (MB): peak = 2735.996 ; gain = 991.578 ; free physical = 187 ; free virtual = 10093
INFO: [Project 1-571] Translating synthesized netlist
Netlist sorting complete. Time (s): cpu = 00:00:00.02 ; elapsed = 00:00:00.01 . Memory (MB): peak = 2735.996 ; gain = 0.000 ; free physical = 401 ; free virtual = 10306
INFO: [Netlist 29-17] Analyzing 305 Unisim elements for replacement
INFO: [Netlist 29-28] Unisim Transformation completed in 0 CPU seconds
WARNING: [Netlist 29-101] Netlist 'cva6_minimal_top' is not ideal for floorplanning, since the cellview 'simple_riscv_core' contains a large number of primitives.  Please consider enabling hierarchy in synthesis if you want to do floorplanning.
INFO: [Project 1-570] Preparing netlist for logic optimization
INFO: [Opt 31-138] Pushed 0 inverter(s) to 0 load pin(s).
Netlist sorting complete. Time (s): cpu = 00:00:00 ; elapsed = 00:00:00 . Memory (MB): peak = 2792.016 ; gain = 0.000 ; free physical = 401 ; free virtual = 10307
INFO: [Project 1-111] Unisim Transformation Summary:
  A total of 3 instances were transformed.
  RAM32M => RAM32M (RAMD32(x6), RAMS32(x2)): 1 instance 
  RAM32X1D => RAM32X1D (RAMD32(x2)): 2 instances

Synth Design complete | Checksum: adea5b5a
INFO: [Common 17-83] Releasing license: Synthesis
29 Infos, 96 Warnings, 5 Critical Warnings and 0 Errors encountered.
synth_design completed successfully
synth_design: Time (s): cpu = 00:00:40 ; elapsed = 00:00:37 . Memory (MB): peak = 2792.051 ; gain = 1175.500 ; free physical = 402 ; free virtual = 10308
INFO: [Common 17-2834] synth_design peak Physical Memory [PSS] (MB): overall = 1938.670; main = 1783.397; forked = 248.870
INFO: [Common 17-2834] synth_design peak Virtual Memory [VSS] (MB): overall = 3642.398; main = 2792.020; forked = 994.219
INFO: [runtcl-6] Synthesis results are not added to the cache due to CRITICAL_WARNING
Write ShapeDB Complete: Time (s): cpu = 00:00:00.01 ; elapsed = 00:00:00 . Memory (MB): peak = 2816.027 ; gain = 0.000 ; free physical = 402 ; free virtual = 10308
INFO: [Common 17-1381] The checkpoint '/home/smita/cva6_min_version/fpga/vivado_project/cva6_fpga.runs/synth_1/cva6_minimal_top.dcp' has been generated.
INFO: [Vivado 12-24828] Executing command : report_utilization -file cva6_minimal_top_utilization_synth.rpt -pb cva6_minimal_top_utilization_synth.pb
INFO: [Common 17-206] Exiting Vivado at Fri Mar  6 13:31:56 2026...
